0 info it worked if it ends with ok
1 verbose cli [ '/usr/bin/node', '/usr/bin/npm', 'start' ]
2 info using npm@3.5.2
3 info using node@v8.10.0
4 verbose run-script [ 'prestart', 'start', 'poststart' ]
5 info lifecycle lambda-hirte@0.0.1~prestart: lambda-hirte@0.0.1
6 verbose lifecycle lambda-hirte@0.0.1~prestart: unsafe-perm in lifecycle true
7 verbose lifecycle lambda-hirte@0.0.1~prestart: PATH: /usr/share/npm/bin/node-gyp-bin:/home/kimjana/Documents/MoDySys/lambda-hirte/node_modules/.bin:/usr/local/sbin:/usr/local/bin:/usr/sbin:/usr/bin:/sbin:/bin:/snap/bin
8 verbose lifecycle lambda-hirte@0.0.1~prestart: CWD: /home/kimjana/Documents/MoDySys/lambda-hirte
9 silly lifecycle lambda-hirte@0.0.1~prestart: Args: [ '-c', 'webpack --mode production' ]
10 silly lifecycle lambda-hirte@0.0.1~prestart: Returned: code: 0  signal: null
11 info lifecycle lambda-hirte@0.0.1~start: lambda-hirte@0.0.1
12 verbose lifecycle lambda-hirte@0.0.1~start: unsafe-perm in lifecycle true
13 verbose lifecycle lambda-hirte@0.0.1~start: PATH: /usr/share/npm/bin/node-gyp-bin:/home/kimjana/Documents/MoDySys/lambda-hirte/node_modules/.bin:/usr/local/sbin:/usr/local/bin:/usr/sbin:/usr/bin:/sbin:/bin:/snap/bin
14 verbose lifecycle lambda-hirte@0.0.1~start: CWD: /home/kimjana/Documents/MoDySys/lambda-hirte
15 silly lifecycle lambda-hirte@0.0.1~start: Args: [ '-c', 'node index.js' ]
16 silly lifecycle lambda-hirte@0.0.1~start: Returned: code: 1  signal: null
17 info lifecycle lambda-hirte@0.0.1~start: Failed to exec start script
18 verbose stack Error: lambda-hirte@0.0.1 start: `node index.js`
18 verbose stack Exit status 1
18 verbose stack     at EventEmitter.<anonymous> (/usr/share/npm/lib/utils/lifecycle.js:232:16)
18 verbose stack     at emitTwo (events.js:126:13)
18 verbose stack     at EventEmitter.emit (events.js:214:7)
18 verbose stack     at ChildProcess.<anonymous> (/usr/share/npm/lib/utils/spawn.js:24:14)
18 verbose stack     at emitTwo (events.js:126:13)
18 verbose stack     at ChildProcess.emit (events.js:214:7)
18 verbose stack     at maybeClose (internal/child_process.js:925:16)
18 verbose stack     at Process.ChildProcess._handle.onexit (internal/child_process.js:209:5)
19 verbose pkgid lambda-hirte@0.0.1
20 verbose cwd /home/kimjana/Documents/MoDySys/lambda-hirte
21 error Linux 4.15.0-38-generic
22 error argv "/usr/bin/node" "/usr/bin/npm" "start"
23 error node v8.10.0
24 error npm  v3.5.2
25 error code ELIFECYCLE
26 error lambda-hirte@0.0.1 start: `node index.js`
26 error Exit status 1
27 error Failed at the lambda-hirte@0.0.1 start script 'node index.js'.
27 error Make sure you have the latest version of node.js and npm installed.
27 error If you do, this is most likely a problem with the lambda-hirte package,
27 error not with npm itself.
27 error Tell the author that this fails on your system:
27 error     node index.js
27 error You can get information on how to open an issue for this project with:
27 error     npm bugs lambda-hirte
27 error Or if that isn't available, you can get their info via:
27 error     npm owner ls lambda-hirte
27 error There is likely additional logging output above.
28 verbose exit [ 1, true ]
